<?xml version="1.0" encoding="UTF-8"?>
<!-- Generated by org.testng.reporters.JUnitReportReporter -->
<testsuite hostname="DESKTOP-UPKDEK7" failures="0" tests="1" name="TestPkg.SearchTest" time="0.340" errors="0" timestamp="2024-07-02T13:43:48 IST" skipped="0">
  <testcase classname="TestPkg.SearchTest" name="testSearch" time="0.340"/>
  <system-out/>
</testsuite> <!-- TestPkg.SearchTest -->
