<?xml version="1.0" encoding="UTF-8"?>
<!-- Generated by org.testng.reporters.JUnitReportReporter -->
<testsuite hostname="DESKTOP-UPKDEK7" failures="0" tests="1" name="Day1.C2" time="0.001" errors="0" timestamp="2024-07-01T23:41:51 IST" skipped="0">
  <testcase classname="Day1.C2" name="xyz" time="0.001"/>
  <system-out/>
</testsuite> <!-- Day1.C2 -->
