<?xml version="1.0" encoding="UTF-8"?>
<!-- Generated by org.testng.reporters.JUnitReportReporter -->
<testsuite hostname="DESKTOP-UPKDEK7" failures="0" tests="3" name="FormValidationTest.FormField" time="0.011" errors="0" timestamp="2024-07-01T21:24:56 IST" skipped="0">
  <testcase classname="FormValidationTest.FormField" name="openapp" time="0.010"/>
  <system-out/>
  <testcase classname="FormValidationTest.FormField" name="login" time="0.001"/>
  <system-out/>
  <testcase classname="FormValidationTest.FormField" name="logout" time="0.000"/>
  <system-out/>
</testsuite> <!-- FormValidationTest.FormField -->
